<?xml version="1.0" encoding="UTF-8"?>
<testsuite xmlns:xsi="http://www.w3.org/2001/XMLSchema-instance" xsi:noNamespaceSchemaLocation="https://maven.apache.org/surefire/maven-surefire-plugin/xsd/surefire-test-report-3.0.xsd" version="3.0" name="com.api.energy.EnergyBackendApplicationTests" time="9.696" tests="1" errors="0" skipped="0" failures="0">
  <properties>
[...]
</properties>
  <testcase name="contextLoads" classname="com.api.energy.EnergyBackendApplicationTests" time="2.13">
    <system-out><![CDATA[21:17:58.824 [main] INFO org.springframework.test.context.support.AnnotationConfigContextLoaderUtils -- Could not detect default configuration classes for test class [com.api.energy.EnergyBackendApplicationTests]: EnergyBackendApplicationTests does not declare any static, non-private, non-final, nested classes annotated with @Configuration.
21:17:59.176 [main] INFO org.springframework.boot.test.context.SpringBootTestContextBootstrapper -- Found @SpringBootConfiguration com.api.energy.EnergyBackendApplication for test class com.api.energy.EnergyBackendApplicationTests

  .   ____          _            __ _ _
 /\\ / ___'_ __ _ _(_)_ __  __ _ \ \ \ \
( ( )\___ | '_ | '_| | '_ \/ _` | \ \ \ \
 \\/  ___)| |_)| | | | | || (_| |  ) ) ) )
  '  |____| .__|_| |_|_| |_\__, | / / / /
 =========|_|==============|___/=/_/_/_/
 :: Spring Boot ::                (v3.1.5)

2023-12-05T21:18:00.069+01:00  INFO 11748 --- [           main] c.a.e.EnergyBackendApplicationTests      : Starting EnergyBackendApplicationTests using Java 17.0.9 with PID 11748 (started by pnl0vb7e in C:\dev\energy)
2023-12-05T21:18:00.074+01:00  INFO 11748 --- [           main] c.a.e.EnergyBackendApplicationTests      : The following 1 profile is active: "prd"
2023-12-05T21:18:01.275+01:00  INFO 11748 --- [           main] .s.d.r.c.RepositoryConfigurationDelegate : Bootstrapping Spring Data MongoDB repositories in DEFAULT mode.
2023-12-05T21:18:01.420+01:00  INFO 11748 --- [           main] .s.d.r.c.RepositoryConfigurationDelegate : Finished Spring Data repository scanning in 135 ms. Found 4 MongoDB repository interfaces.
2023-12-05T21:18:02.600+01:00  INFO 11748 --- [           main] c.api.energy.config.TimeZoneInitializer  : Using time zone 'Europe/Amsterdam'
2023-12-05T21:18:03.124+01:00  INFO 11748 --- [6vz.mongodb.net] org.mongodb.driver.cluster               : Adding discovered server ac-urojftm-shard-00-01.7nbx6vz.mongodb.net:27017 to client view of cluster
2023-12-05T21:18:03.134+01:00  INFO 11748 --- [           main] org.mongodb.driver.client                : MongoClient with metadata {"driver": {"name": "mongo-java-driver|sync|spring-boot", "version": "4.9.1"}, "os": {"type": "Windows", "name": "Windows 10", "architecture": "amd64", "version": "10.0"}, "platform": "Java/Oracle Corporation/17.0.9+11-LTS-201"} created with settings MongoClientSettings{readPreference=primary, writeConcern=WriteConcern{w=majority, wTimeout=null ms, journal=null}, retryWrites=true, retryReads=true, readConcern=ReadConcern{level=null}, credential=MongoCredential{mechanism=null, userName='matthijs', source='admin', password=<hidden>, mechanismProperties=<hidden>}, streamFactoryFactory=null, commandListeners=[], codecRegistry=ProvidersCodecRegistry{codecProviders=[ValueCodecProvider{}, BsonValueCodecProvider{}, DBRefCodecProvider{}, DBObjectCodecProvider{}, DocumentCodecProvider{}, CollectionCodecProvider{}, IterableCodecProvider{}, MapCodecProvider{}, GeoJsonCodecProvider{}, GridFSFileCodecProvider{}, Jsr310CodecProvider{}, JsonObjectCodecProvider{}, BsonCodecProvider{}, EnumCodecProvider{}, com.mongodb.client.model.mql.ExpressionCodecProvider@28d739f1, com.mongodb.Jep395RecordCodecProvider@1c5d3a37]}, loggerSettings=LoggerSettings{maxDocumentLength=1000}, clusterSettings={hosts=[127.0.0.1:27017], srvHost=energie.7nbx6vz.mongodb.net, srvServiceName=mongodb, mode=MULTIPLE, requiredClusterType=REPLICA_SET, requiredReplicaSetName='atlas-a0xjex-shard-0', serverSelector='null', clusterListeners='[]', serverSelectionTimeout='30000 ms', localThreshold='30000 ms'}, socketSettings=SocketSettings{connectTimeoutMS=10000, readTimeoutMS=0, receiveBufferSize=0, sendBufferSize=0}, heartbeatSocketSettings=SocketSettings{connectTimeoutMS=10000, readTimeoutMS=10000, receiveBufferSize=0, sendBufferSize=0}, connectionPoolSettings=ConnectionPoolSettings{maxSize=100, minSize=0, maxWaitTimeMS=120000, maxConnectionLifeTimeMS=0, maxConnectionIdleTimeMS=0, maintenanceInitialDelayMS=0, maintenanceFrequencyMS=60000, connectionPoolListeners=[], maxConnecting=2}, serverSettings=ServerSettings{heartbeatFrequencyMS=10000, minHeartbeatFrequencyMS=500, serverListeners='[]', serverMonitorListeners='[]'}, sslSettings=SslSettings{enabled=true, invalidHostNameAllowed=false, context=null}, applicationName='null', compressorList=[], uuidRepresentation=JAVA_LEGACY, serverApi=null, autoEncryptionSettings=null, contextProvider=null}
2023-12-05T21:18:03.174+01:00  INFO 11748 --- [6vz.mongodb.net] org.mongodb.driver.cluster               : Adding discovered server ac-urojftm-shard-00-00.7nbx6vz.mongodb.net:27017 to client view of cluster
2023-12-05T21:18:03.176+01:00  INFO 11748 --- [6vz.mongodb.net] org.mongodb.driver.cluster               : Adding discovered server ac-urojftm-shard-00-02.7nbx6vz.mongodb.net:27017 to client view of cluster
2023-12-05T21:18:04.195+01:00  INFO 11748 --- [ngodb.net:27017] org.mongodb.driver.cluster               : Monitor thread successfully connected to server with description ServerDescription{address=ac-urojftm-shard-00-00.7nbx6vz.mongodb.net:27017, type=REPLICA_SET_SECONDARY, state=CONNECTED, ok=true, minWireVersion=0, maxWireVersion=17, maxDocumentSize=16777216, logicalSessionTimeoutMinutes=30, roundTripTimeNanos=469813000, setName='atlas-a0xjex-shard-0', canonicalAddress=ac-urojftm-shard-00-00.7nbx6vz.mongodb.net:27017, hosts=[ac-urojftm-shard-00-02.7nbx6vz.mongodb.net:27017, ac-urojftm-shard-00-00.7nbx6vz.mongodb.net:27017, ac-urojftm-shard-00-01.7nbx6vz.mongodb.net:27017], passives=[], arbiters=[], primary='ac-urojftm-shard-00-02.7nbx6vz.mongodb.net:27017', tagSet=TagSet{[Tag{name='availabilityZone', value='europe-west1-b'}, Tag{name='nodeType', value='ELECTABLE'}, Tag{name='provider', value='GCP'}, Tag{name='region', value='WESTERN_EUROPE'}, Tag{name='workloadType', value='OPERATIONAL'}]}, electionId=null, setVersion=9, topologyVersion=TopologyVersion{processId=656b6b5bc9e083dc4ece9d26, counter=4}, lastWriteDate=Tue Dec 05 21:18:04 CET 2023, lastUpdateTimeNanos=42638772319600}
2023-12-05T21:18:04.195+01:00  INFO 11748 --- [ngodb.net:27017] org.mongodb.driver.cluster               : Monitor thread successfully connected to server with description ServerDescription{address=ac-urojftm-shard-00-02.7nbx6vz.mongodb.net:27017, type=REPLICA_SET_PRIMARY, state=CONNECTED, ok=true, minWireVersion=0, maxWireVersion=17, maxDocumentSize=16777216, logicalSessionTimeoutMinutes=30, roundTripTimeNanos=469792300, setName='atlas-a0xjex-shard-0', canonicalAddress=ac-urojftm-shard-00-02.7nbx6vz.mongodb.net:27017, hosts=[ac-urojftm-shard-00-02.7nbx6vz.mongodb.net:27017, ac-urojftm-shard-00-00.7nbx6vz.mongodb.net:27017, ac-urojftm-shard-00-01.7nbx6vz.mongodb.net:27017], passives=[], arbiters=[], primary='ac-urojftm-shard-00-02.7nbx6vz.mongodb.net:27017', tagSet=TagSet{[Tag{name='availabilityZone', value='europe-west1-d'}, Tag{name='nodeType', value='ELECTABLE'}, Tag{name='provider', value='GCP'}, Tag{name='region', value='WESTERN_EUROPE'}, Tag{name='workloadType', value='OPERATIONAL'}]}, electionId=7fffffff00000000000003cc, setVersion=9, topologyVersion=TopologyVersion{processId=656b6c72010d746ae8c275b8, counter=6}, lastWriteDate=Tue Dec 05 21:18:04 CET 2023, lastUpdateTimeNanos=42638772319500}
2023-12-05T21:18:04.197+01:00  INFO 11748 --- [ngodb.net:27017] org.mongodb.driver.cluster               : Monitor thread successfully connected to server with description ServerDescription{address=ac-urojftm-shard-00-01.7nbx6vz.mongodb.net:27017, type=REPLICA_SET_SECONDARY, state=CONNECTED, ok=true, minWireVersion=0, maxWireVersion=17, maxDocumentSize=16777216, logicalSessionTimeoutMinutes=30, roundTripTimeNanos=469592300, setName='atlas-a0xjex-shard-0', canonicalAddress=ac-urojftm-shard-00-01.7nbx6vz.mongodb.net:27017, hosts=[ac-urojftm-shard-00-02.7nbx6vz.mongodb.net:27017, ac-urojftm-shard-00-00.7nbx6vz.mongodb.net:27017, ac-urojftm-shard-00-01.7nbx6vz.mongodb.net:27017], passives=[], arbiters=[], primary='ac-urojftm-shard-00-02.7nbx6vz.mongodb.net:27017', tagSet=TagSet{[Tag{name='availabilityZone', value='europe-west1-c'}, Tag{name='nodeType', value='ELECTABLE'}, Tag{name='provider', value='GCP'}, Tag{name='region', value='WESTERN_EUROPE'}, Tag{name='workloadType', value='OPERATIONAL'}]}, electionId=null, setVersion=9, topologyVersion=TopologyVersion{processId=656b6d6f73358dcde7ec9bcd, counter=3}, lastWriteDate=Tue Dec 05 21:18:04 GMT+01:00 2023, lastUpdateTimeNanos=42638772319500}
2023-12-05T21:18:04.204+01:00  INFO 11748 --- [ngodb.net:27017] org.mongodb.driver.cluster               : Discovered replica set primary ac-urojftm-shard-00-02.7nbx6vz.mongodb.net:27017 with max election id 7fffffff00000000000003cc and max set version 9
2023-12-05T21:18:05.764+01:00  INFO 11748 --- [           main] c.a.e.EnergyBackendApplicationTests      : Started EnergyBackendApplicationTests in 6.284 seconds (process running for 8.736)
]]></system-out>
  </testcase>
</testsuite>